<?xml version="1.0" encoding="UTF-8"?>
<!-- Generated by org.testng.reporters.JUnitReportReporter -->
<testsuite hostname="BTWINAUucmAIKsr" failures="0" tests="3" name="TestNG.login" time="48.939" errors="0" timestamp="2022-10-07T15:23:32 IST" skipped="0">
  <testcase classname="TestNG.login" name="VerifyHomePageTitle" time="9.371"/>
  <system-out/>
  <testcase classname="TestNG.login" name="invalid" time="19.384"/>
  <system-out/>
  <testcase classname="TestNG.login" name="valid" time="20.184"/>
  <system-out/>
</testsuite> <!-- TestNG.login -->
